TN:
SF:src/modules/drivers/services/CreateDriverService.ts
FN:40,__decorate
FN:40,__metadata
FN:40,__param
FN:40,__awaiter
FN:40,adopt
FN:40,fulfilled
FN:40,rejected
FN:40,step
FN:40,__generator
FN:40,sent
FN:40,g.<computed>
FN:40,verb
FN:40,step
FN:40,__importDefault
FN:19,CreateDriverService
FN:27,CreateDriverService.execute
FNF:16
FNH:14
FNDA:4,__decorate
FNDA:4,__metadata
FNDA:8,__param
FNDA:8,__awaiter
FNDA:15,adopt
FNDA:15,fulfilled
FNDA:0,rejected
FNDA:22,step
FNDA:8,__generator
FNDA:15,sent
FNDA:0,g.<computed>
FNDA:24,verb
FNDA:23,step
FNDA:4,__importDefault
FNDA:7,CreateDriverService
FNDA:8,CreateDriverService.execute
DA:1,1
DA:2,1
DA:3,1
DA:4,1
DA:5,1
DA:6,1
DA:7,1
DA:8,1
DA:9,1
DA:10,1
DA:11,1
DA:12,1
DA:13,1
DA:14,1
DA:15,1
DA:16,1
DA:17,1
DA:18,4
DA:19,4
DA:20,7
DA:21,7
DA:22,7
DA:23,7
DA:24,7
DA:25,7
DA:26,4
DA:27,4
DA:28,8
DA:29,8
DA:30,8
DA:31,8
DA:32,8
DA:33,1
DA:34,1
DA:35,7
DA:36,7
DA:37,8
DA:38,8
DA:39,4
DA:40,1
LF:40
LH:40
BRDA:40,0,0,4
BRDA:40,1,0,4
BRDA:40,2,0,0
BRDA:40,3,0,0
BRDA:40,4,0,0
BRDA:40,5,0,0
BRDA:40,6,0,4
BRDA:40,7,0,8
BRDA:40,8,0,8
BRDA:40,9,0,8
BRDA:40,10,0,15
BRDA:40,11,0,0
BRDA:40,12,0,8
BRDA:40,13,0,15
BRDA:40,14,0,14
BRDA:40,15,0,1
BRDA:40,16,0,22
BRDA:40,17,0,7
BRDA:40,18,0,15
BRDA:40,19,0,8
BRDA:40,20,0,15
BRDA:40,21,0,0
BRDA:40,22,0,24
BRDA:40,23,0,23
BRDA:40,24,0,23
BRDA:40,25,0,0
BRDA:40,26,0,46
BRDA:40,27,0,0
BRDA:40,28,0,0
BRDA:40,29,0,0
BRDA:40,30,0,0
BRDA:40,31,0,23
BRDA:40,32,0,23
BRDA:40,33,0,15
BRDA:40,34,0,0
BRDA:40,35,0,0
BRDA:40,36,0,8
BRDA:40,37,0,0
BRDA:40,38,0,7
BRDA:40,39,0,0
BRDA:40,40,0,0
BRDA:40,41,0,0
BRDA:40,42,0,0
BRDA:40,43,0,28
BRDA:40,44,0,23
BRDA:40,45,0,22
BRDA:40,46,0,1
BRDA:40,47,0,23
BRDA:40,48,0,8
BRDA:40,49,0,19
BRDA:40,50,0,1
BRDA:40,51,0,7
BRDA:40,52,0,0
BRDA:40,53,0,4
BRDA:40,54,0,0
BRDA:18,55,0,4
BRDA:19,56,0,7
BRDA:27,57,0,8
BRDA:40,58,0,8
BRDA:40,59,0,23
BRDA:28,60,0,8
BRDA:40,61,0,8
BRDA:32,62,0,7
BRDA:32,63,0,1
BRDA:40,64,0,7
BRF:65
BRH:45
end_of_record
TN:
SF:src/modules/drivers/services/FindDriversWithoutCargoService.ts
FN:17,__decorate
FN:17,__metadata
FN:17,__param
FN:17,__awaiter
FN:17,adopt
FN:17,fulfilled
FN:17,rejected
FN:17,step
FN:17,__generator
FN:17,sent
FN:17,g.<computed>
FN:17,verb
FN:17,step
FN:7,FindDriversWithoutCargoService
FN:12,FindDriversWithoutCargoService.execute
FNF:15
FNH:13
FNDA:1,__decorate
FNDA:1,__metadata
FNDA:1,__param
FNDA:1,__awaiter
FNDA:1,adopt
FNDA:1,fulfilled
FNDA:0,rejected
FNDA:2,step
FNDA:1,__generator
FNDA:1,sent
FNDA:0,g.<computed>
FNDA:3,verb
FNDA:2,step
FNDA:1,FindDriversWithoutCargoService
FNDA:1,FindDriversWithoutCargoService.execute
DA:1,1
DA:2,1
DA:3,1
DA:4,1
DA:5,1
DA:6,1
DA:7,1
DA:8,1
DA:9,1
DA:10,1
DA:11,1
DA:12,1
DA:13,1
DA:14,1
DA:15,1
DA:16,1
DA:17,1
LF:17
LH:17
BRDA:17,0,0,1
BRDA:17,1,0,1
BRDA:17,2,0,0
BRDA:17,3,0,0
BRDA:17,4,0,0
BRDA:17,5,0,0
BRDA:17,6,0,1
BRDA:17,7,0,1
BRDA:17,8,0,1
BRDA:17,9,0,1
BRDA:17,10,0,1
BRDA:17,11,0,0
BRDA:17,12,0,1
BRDA:17,13,0,1
BRDA:17,14,0,0
BRDA:17,15,0,2
BRDA:17,16,0,1
BRDA:17,17,0,1
BRDA:17,18,0,1
BRDA:17,19,0,1
BRDA:17,20,0,0
BRDA:17,21,0,3
BRDA:17,22,0,2
BRDA:17,23,0,2
BRDA:17,24,0,0
BRDA:17,25,0,4
BRDA:17,26,0,0
BRDA:17,27,0,0
BRDA:17,28,0,0
BRDA:17,29,0,0
BRDA:17,30,0,2
BRDA:17,31,0,2
BRDA:17,32,0,1
BRDA:17,33,0,0
BRDA:17,34,0,0
BRDA:17,35,0,1
BRDA:17,36,0,0
BRDA:17,37,0,0
BRDA:17,38,0,0
BRDA:17,39,0,0
BRDA:17,40,0,0
BRDA:17,41,0,2
BRDA:17,42,0,0
BRDA:17,43,0,2
BRDA:17,44,0,1
BRDA:17,45,0,0
BRDA:17,46,0,1
BRDA:17,47,0,0
BRDA:6,48,0,1
BRDA:7,49,0,1
BRDA:12,50,0,1
BRDA:17,51,0,1
BRDA:17,52,0,2
BRDA:13,53,0,1
BRDA:17,54,0,1
BRF:55
BRH:33
end_of_record
TN:
SF:src/modules/drivers/services/FindNumberOfDriversWithOwnVehicleService.ts
FN:16,__decorate
FN:16,__metadata
FN:16,__param
FN:16,__awaiter
FN:16,adopt
FN:16,fulfilled
FN:16,rejected
FN:16,step
FN:16,__generator
FN:16,sent
FN:16,g.<computed>
FN:16,verb
FN:16,step
FN:6,FindNumberOfDriversWithOwnVehicleService
FN:11,FindNumberOfDriversWithOwnVehicleService.execute
FNF:15
FNH:13
FNDA:1,__decorate
FNDA:1,__metadata
FNDA:1,__param
FNDA:1,__awaiter
FNDA:1,adopt
FNDA:1,fulfilled
FNDA:0,rejected
FNDA:2,step
FNDA:1,__generator
FNDA:1,sent
FNDA:0,g.<computed>
FNDA:3,verb
FNDA:2,step
FNDA:1,FindNumberOfDriversWithOwnVehicleService
FNDA:1,FindNumberOfDriversWithOwnVehicleService.execute
DA:1,1
DA:2,1
DA:3,1
DA:4,1
DA:5,1
DA:6,1
DA:7,1
DA:8,1
DA:9,1
DA:10,1
DA:11,1
DA:12,1
DA:13,1
DA:14,1
DA:15,1
DA:16,1
LF:16
LH:16
BRDA:16,0,0,1
BRDA:16,1,0,1
BRDA:16,2,0,0
BRDA:16,3,0,0
BRDA:16,4,0,0
BRDA:16,5,0,0
BRDA:16,6,0,1
BRDA:16,7,0,1
BRDA:16,8,0,1
BRDA:16,9,0,1
BRDA:16,10,0,1
BRDA:16,11,0,0
BRDA:16,12,0,1
BRDA:16,13,0,1
BRDA:16,14,0,0
BRDA:16,15,0,2
BRDA:16,16,0,1
BRDA:16,17,0,1
BRDA:16,18,0,1
BRDA:16,19,0,1
BRDA:16,20,0,0
BRDA:16,21,0,3
BRDA:16,22,0,2
BRDA:16,23,0,2
BRDA:16,24,0,0
BRDA:16,25,0,4
BRDA:16,26,0,0
BRDA:16,27,0,0
BRDA:16,28,0,0
BRDA:16,29,0,0
BRDA:16,30,0,2
BRDA:16,31,0,2
BRDA:16,32,0,1
BRDA:16,33,0,0
BRDA:16,34,0,0
BRDA:16,35,0,1
BRDA:16,36,0,0
BRDA:16,37,0,0
BRDA:16,38,0,0
BRDA:16,39,0,0
BRDA:16,40,0,0
BRDA:16,41,0,2
BRDA:16,42,0,0
BRDA:16,43,0,2
BRDA:16,44,0,1
BRDA:16,45,0,0
BRDA:16,46,0,1
BRDA:16,47,0,0
BRDA:5,48,0,1
BRDA:6,49,0,1
BRDA:11,50,0,1
BRDA:16,51,0,1
BRDA:16,52,0,2
BRDA:12,53,0,1
BRDA:16,54,0,1
BRF:55
BRH:33
end_of_record
TN:
SF:src/modules/drivers/services/UpdateDriverService.ts
FN:68,__decorate
FN:68,__metadata
FN:68,__param
FN:68,__awaiter
FN:68,adopt
FN:68,fulfilled
FN:68,rejected
FN:68,step
FN:68,__generator
FN:68,sent
FN:68,g.<computed>
FN:68,verb
FN:68,step
FN:68,__importDefault
FN:21,UpdateDriverService
FN:29,UpdateDriverService.execute
FNF:16
FNH:14
FNDA:1,__decorate
FNDA:1,__metadata
FNDA:2,__param
FNDA:3,__awaiter
FNDA:6,adopt
FNDA:6,fulfilled
FNDA:0,rejected
FNDA:7,step
FNDA:3,__generator
FNDA:6,sent
FNDA:0,g.<computed>
FNDA:9,verb
FNDA:9,step
FNDA:1,__importDefault
FNDA:3,UpdateDriverService
FNDA:3,UpdateDriverService.execute
DA:1,1
DA:2,1
DA:3,1
DA:4,1
DA:5,1
DA:6,1
DA:7,1
DA:8,1
DA:9,1
DA:10,1
DA:11,1
DA:12,1
DA:13,1
DA:14,1
DA:15,1
DA:16,1
DA:17,1
DA:18,1
DA:19,1
DA:20,1
DA:21,1
DA:22,3
DA:23,3
DA:24,3
DA:25,3
DA:26,3
DA:27,3
DA:28,1
DA:29,1
DA:30,3
DA:31,3
DA:32,3
DA:33,3
DA:34,3
DA:35,3
DA:36,3
DA:37,3
DA:38,3
DA:39,3
DA:40,3
DA:41,3
DA:42,1
DA:43,1
DA:44,2
DA:45,2
DA:46,2
DA:47,2
DA:48,3
DA:49,3
DA:50,1
DA:51,1
DA:52,1
DA:53,1
DA:54,1
DA:55,1
DA:56,1
DA:57,1
DA:58,1
DA:59,1
DA:60,1
DA:61,1
DA:62,1
DA:63,1
DA:64,3
DA:65,3
DA:66,3
DA:67,1
DA:68,1
LF:68
LH:68
BRDA:68,0,0,1
BRDA:68,1,0,1
BRDA:68,2,0,0
BRDA:68,3,0,0
BRDA:68,4,0,0
BRDA:68,5,0,0
BRDA:68,6,0,1
BRDA:68,7,0,2
BRDA:68,8,0,2
BRDA:68,9,0,3
BRDA:68,10,0,6
BRDA:68,11,0,0
BRDA:68,12,0,3
BRDA:68,13,0,6
BRDA:68,14,0,4
BRDA:68,15,0,2
BRDA:68,16,0,7
BRDA:68,17,0,1
BRDA:68,18,0,6
BRDA:68,19,0,3
BRDA:68,20,0,6
BRDA:68,21,0,0
BRDA:68,22,0,9
BRDA:68,23,0,9
BRDA:68,24,0,9
BRDA:68,25,0,0
BRDA:68,26,0,18
BRDA:68,27,0,0
BRDA:68,28,0,0
BRDA:68,29,0,0
BRDA:68,30,0,0
BRDA:68,31,0,9
BRDA:68,32,0,9
BRDA:68,33,0,6
BRDA:68,34,0,0
BRDA:68,35,0,0
BRDA:68,36,0,3
BRDA:68,37,0,0
BRDA:68,38,0,1
BRDA:68,39,0,0
BRDA:68,40,0,0
BRDA:68,41,0,0
BRDA:68,42,0,0
BRDA:68,43,0,9
BRDA:68,44,0,7
BRDA:68,45,0,2
BRDA:68,46,0,9
BRDA:68,47,0,3
BRDA:68,48,0,2
BRDA:68,49,0,1
BRDA:68,50,0,0
BRDA:68,51,0,1
BRDA:68,52,0,0
BRDA:20,53,0,1
BRDA:21,54,0,3
BRDA:29,55,0,3
BRDA:68,56,0,3
BRDA:68,57,0,9
BRDA:39,58,0,3
BRDA:68,59,0,3
BRDA:41,60,0,1
BRDA:43,61,0,2
BRDA:68,62,0,2
BRDA:49,63,0,1
BRDA:68,64,0,1
BRF:65
BRH:45
end_of_record
